Determining if the pthread_create exist failed with the following output:
Change Dir: /home/garrus/ros/src/vstucar/car_msgs/cmake-build-debug/CMakeFiles/CMakeTmp

Run Build Command:"/usr/bin/make" "cmTC_715a6/fast"
/usr/bin/make -f CMakeFiles/cmTC_715a6.dir/build.make CMakeFiles/cmTC_715a6.dir/build
make[1]: вход в каталог «/home/garrus/ros/src/vstucar/car_msgs/cmake-build-debug/CMakeFiles/CMakeTmp»
Building C object CMakeFiles/cmTC_715a6.dir/CheckSymbolExists.c.o
/usr/bin/cc    -o CMakeFiles/cmTC_715a6.dir/CheckSymbolExists.c.o   -c /home/garrus/ros/src/vstucar/car_msgs/cmake-build-debug/CMakeFiles/CMakeTmp/CheckSymbolExists.c
Linking C executable cmTC_715a6
/opt/clion-2018.3.4/bin/cmake/linux/bin/cmake -E cmake_link_script CMakeFiles/cmTC_715a6.dir/link.txt --verbose=1
/usr/bin/cc      -rdynamic CMakeFiles/cmTC_715a6.dir/CheckSymbolExists.c.o  -o cmTC_715a6 
CMakeFiles/cmTC_715a6.dir/CheckSymbolExists.c.o: In function `main':
CheckSymbolExists.c:(.text+0x16): undefined reference to `pthread_create'
collect2: error: ld returned 1 exit status
CMakeFiles/cmTC_715a6.dir/build.make:86: ошибка выполнения рецепта для цели «cmTC_715a6»
make[1]: *** [cmTC_715a6] Ошибка 1
make[1]: выход из каталога «/home/garrus/ros/src/vstucar/car_msgs/cmake-build-debug/CMakeFiles/CMakeTmp»
Makefile:121: ошибка выполнения рецепта для цели «cmTC_715a6/fast»
make: *** [cmTC_715a6/fast] Ошибка 2

File /home/garrus/ros/src/vstucar/car_msgs/cmake-build-debug/CMakeFiles/CMakeTmp/CheckSymbolExists.c:
/* */
#include <pthread.h>

int main(int argc, char** argv)
{
  (void)argv;
#ifndef pthread_create
  return ((int*)(&pthread_create))[argc];
#else
  (void)argc;
  return 0;
#endif
}

Determining if the function pthread_create exists in the pthreads failed with the following output:
Change Dir: /home/garrus/ros/src/vstucar/car_msgs/cmake-build-debug/CMakeFiles/CMakeTmp

Run Build Command:"/usr/bin/make" "cmTC_121f1/fast"
/usr/bin/make -f CMakeFiles/cmTC_121f1.dir/build.make CMakeFiles/cmTC_121f1.dir/build
make[1]: вход в каталог «/home/garrus/ros/src/vstucar/car_msgs/cmake-build-debug/CMakeFiles/CMakeTmp»
Building C object CMakeFiles/cmTC_121f1.dir/CheckFunctionExists.c.o
/usr/bin/cc   -DCHECK_FUNCTION_EXISTS=pthread_create   -o CMakeFiles/cmTC_121f1.dir/CheckFunctionExists.c.o   -c /opt/clion-2018.3.4/bin/cmake/linux/share/cmake-3.13/Modules/CheckFunctionExists.c
Linking C executable cmTC_121f1
/opt/clion-2018.3.4/bin/cmake/linux/bin/cmake -E cmake_link_script CMakeFiles/cmTC_121f1.dir/link.txt --verbose=1
/usr/bin/cc  -DCHECK_FUNCTION_EXISTS=pthread_create    -rdynamic CMakeFiles/cmTC_121f1.dir/CheckFunctionExists.c.o  -o cmTC_121f1 -lpthreads 
/usr/bin/ld: cannot find -lpthreads
collect2: error: ld returned 1 exit status
CMakeFiles/cmTC_121f1.dir/build.make:86: ошибка выполнения рецепта для цели «cmTC_121f1»
make[1]: *** [cmTC_121f1] Ошибка 1
make[1]: выход из каталога «/home/garrus/ros/src/vstucar/car_msgs/cmake-build-debug/CMakeFiles/CMakeTmp»
Makefile:121: ошибка выполнения рецепта для цели «cmTC_121f1/fast»
make: *** [cmTC_121f1/fast] Ошибка 2


